  [1m[35m (1.2ms)[0m  [1m[35mCREATE TABLE "schema_migrations" ("version" varchar NOT NULL PRIMARY KEY)[0m
  [1m[35m (1.8ms)[0m  [1m[35mCREATE TABLE "ar_internal_metadata" ("key" varchar NOT NULL PRIMARY KEY, "value" varchar, "created_at" datetime(6) NOT NULL, "updated_at" datetime(6) NOT NULL)[0m
  [1m[36mActiveRecord::SchemaMigration Pluck (0.2ms)[0m  [1m[34mSELECT "schema_migrations"."version" FROM "schema_migrations" ORDER BY "schema_migrations"."version" ASC[0m
Migrating to CreateServers (20221002044941)
  [1m[36mTRANSACTION (0.1ms)[0m  [1m[36mbegin transaction[0m
  [1m[35m (15.0ms)[0m  [1m[35mCREATE TABLE "servers" ("id" integer PRIMARY KEY AUTOINCREMENT NOT NULL, "title" varchar, "model_number" varchar, "description" text, "created_at" datetime(6) NOT NULL, "updated_at" datetime(6) NOT NULL)[0m
  [1m[36mActiveRecord::SchemaMigration Create (0.3ms)[0m  [1m[32mINSERT INTO "schema_migrations" ("version") VALUES (?)[0m  [["version", "20221002044941"]]
  [1m[36mTRANSACTION (0.9ms)[0m  [1m[36mcommit transaction[0m
  [1m[36mActiveRecord::InternalMetadata Load (0.1ms)[0m  [1m[34mSELECT "ar_internal_metadata".* FROM "ar_internal_metadata" WHERE "ar_internal_metadata"."key" = ? LIMIT ?[0m  [["key", "environment"], ["LIMIT", 1]]
  [1m[36mTRANSACTION (0.0ms)[0m  [1m[36mbegin transaction[0m
  [1m[36mActiveRecord::InternalMetadata Create (0.5ms)[0m  [1m[32mINSERT INTO "ar_internal_metadata" ("key", "value", "created_at", "updated_at") VALUES (?, ?, ?, ?)[0m  [["key", "environment"], ["value", "development"], ["created_at", "2022-10-02 04:51:34.278920"], ["updated_at", "2022-10-02 04:51:34.278920"]]
  [1m[36mTRANSACTION (0.7ms)[0m  [1m[36mcommit transaction[0m
  [1m[36mActiveRecord::SchemaMigration Pluck (0.1ms)[0m  [1m[34mSELECT "schema_migrations"."version" FROM "schema_migrations" ORDER BY "schema_migrations"."version" ASC[0m
  [1m[36mServer Load (0.3ms)[0m  [1m[34mSELECT "servers".* FROM "servers"[0m
  [1m[36mTRANSACTION (0.1ms)[0m  [1m[36mbegin transaction[0m
  [1m[36mServer Create (1.7ms)[0m  [1m[32mINSERT INTO "servers" ("title", "model_number", "description", "created_at", "updated_at") VALUES (?, ?, ?, ?, ?)[0m  [["title", "Test Server"], ["model_number", "000000"], ["description", "Testing Testing 123"], ["created_at", "2022-10-02 04:53:28.707283"], ["updated_at", "2022-10-02 04:53:28.707283"]]
  [1m[36mTRANSACTION (2.6ms)[0m  [1m[36mcommit transaction[0m
  [1m[36mServer Load (0.2ms)[0m  [1m[34mSELECT "servers".* FROM "servers"[0m
  [1m[36mServer Load (0.1ms)[0m  [1m[34mSELECT "servers".* FROM "servers" WHERE "servers"."id" = ? LIMIT ?[0m  [["id", 1], ["LIMIT", 1]]
  [1m[36mServer Load (0.2ms)[0m  [1m[34mSELECT "servers".* FROM "servers"[0m
Started GET "/" for ::1 at 2022-10-01 21:58:18 -0700
  [1m[36mActiveRecord::SchemaMigration Pluck (0.1ms)[0m  [1m[34mSELECT "schema_migrations"."version" FROM "schema_migrations" ORDER BY "schema_migrations"."version" ASC[0m
Processing by ServersController#index as HTML
  Rendering layout layouts/application.html.erb
  Rendering servers/index.html.erb within layouts/application
  [1m[36mServer Load (0.1ms)[0m  [1m[34mSELECT "servers".* FROM "servers"[0m
  ↳ app/views/servers/index.html.erb:4
  Rendered servers/index.html.erb within layouts/application (Duration: 14.2ms | Allocations: 16647)
  Rendered layout layouts/application.html.erb (Duration: 183.2ms | Allocations: 119947)
Completed 200 OK in 229ms (Views: 192.5ms | ActiveRecord: 0.3ms | Allocations: 126381)


Started GET "/servers" for ::1 at 2022-10-01 21:58:22 -0700
Processing by ServersController#index as HTML
  Rendering layout layouts/application.html.erb
  Rendering servers/index.html.erb within layouts/application
  [1m[36mServer Load (0.1ms)[0m  [1m[34mSELECT "servers".* FROM "servers"[0m
  ↳ app/views/servers/index.html.erb:4
  Rendered servers/index.html.erb within layouts/application (Duration: 1.8ms | Allocations: 517)
  Rendered layout layouts/application.html.erb (Duration: 13.3ms | Allocations: 2898)
Completed 200 OK in 15ms (Views: 13.8ms | ActiveRecord: 0.1ms | Allocations: 3162)


Started GET "/servers/1" for ::1 at 2022-10-01 21:58:24 -0700
Processing by ServersController#show as HTML
  Parameters: {"id"=>"1"}
  [1m[36mServer Load (0.3ms)[0m  [1m[34mSELECT "servers".* FROM "servers" WHERE "servers"."id" = ? LIMIT ?[0m  [["id", 1], ["LIMIT", 1]]
  ↳ app/controllers/servers_controller.rb:7:in `show'
  Rendering layout layouts/application.html.erb
  Rendering servers/show.html.erb within layouts/application
  Rendered servers/show.html.erb within layouts/application (Duration: 7.6ms | Allocations: 165)
  Rendered layout layouts/application.html.erb (Duration: 18.8ms | Allocations: 2533)
Completed 200 OK in 29ms (Views: 19.3ms | ActiveRecord: 0.3ms | Allocations: 4991)


Started GET "/" for 127.0.0.1 at 2022-10-10 13:23:19 -0700
  [1m[36mActiveRecord::SchemaMigration Pluck (0.2ms)[0m  [1m[34mSELECT "schema_migrations"."version" FROM "schema_migrations" ORDER BY "schema_migrations"."version" ASC[0m
  
SyntaxError (/Users/micah.perez/Ruby/server_manager/app/controllers/servers_controller.rb:34: syntax error, unexpected symbol literal, expecting `do' or '{' or '('
      render :edit, status :unprocessable_entity
                           ^
):
  
app/controllers/servers_controller.rb:34: syntax error, unexpected symbol literal, expecting `do' or '{' or '('
app/controllers/servers_controller.rb:34: syntax error, unexpected symbol literal, expecting `do' or '{' or '('
app/controllers/servers_controller.rb:34: syntax error, unexpected symbol literal, expecting `do' or '{' or '('
Started GET "/" for 127.0.0.1 at 2022-10-10 13:24:16 -0700
Processing by ServersController#index as HTML
Completed 500 Internal Server Error in 75ms (Allocations: 2994)


  
SyntaxError (/Users/micah.perez/Ruby/server_manager/app/models/server.rb:2: syntax error, unexpected ':', expecting '}'
...resence: true, length {minimum: 6}
...                              ^
/Users/micah.perez/Ruby/server_manager/app/models/server.rb:3: syntax error, unexpected local variable or method, expecting `end'
...alidates :model_number presence: true, length: { minimum: 6 }
...                       ^~~~~~~~
/Users/micah.perez/Ruby/server_manager/app/models/server.rb:3: Can't assign to true
...es :model_number presence: true, length: { minimum: 6 }
...                           ^~~~
/Users/micah.perez/Ruby/server_manager/app/models/server.rb:4: syntax error, unexpected local variable or method, expecting `end'
...validates :description presence: true, length: { minimum: 10...
...                       ^~~~~~~~
/Users/micah.perez/Ruby/server_manager/app/models/server.rb:4: Can't assign to true
...tes :description presence: true, length: { minimum: 10 }
...                           ^~~~
):
  
app/models/server.rb:2: syntax error, unexpected ':', expecting '}'
app/models/server.rb:3: syntax error, unexpected local variable or method, expecting `end'
app/models/server.rb:3: Can't assign to true
app/models/server.rb:4: syntax error, unexpected local variable or method, expecting `end'
app/models/server.rb:4: Can't assign to true
app/models/server.rb:2: syntax error, unexpected ':', expecting '}'
app/models/server.rb:3: syntax error, unexpected local variable or method, expecting `end'
app/models/server.rb:3: Can't assign to true
app/models/server.rb:4: syntax error, unexpected local variable or method, expecting `end'
app/models/server.rb:4: Can't assign to true
app/models/server.rb:2: syntax error, unexpected ':', expecting '}'
app/models/server.rb:3: syntax error, unexpected local variable or method, expecting `end'
app/models/server.rb:3: Can't assign to true
app/models/server.rb:4: syntax error, unexpected local variable or method, expecting `end'
app/models/server.rb:4: Can't assign to true
app/controllers/servers_controller.rb:3:in `index'
Started GET "/" for 127.0.0.1 at 2022-10-10 13:24:50 -0700
Processing by ServersController#index as HTML
Completed 500 Internal Server Error in 2ms (Allocations: 726)


  
SyntaxError (/Users/micah.perez/Ruby/server_manager/app/models/server.rb:3: syntax error, unexpected local variable or method, expecting `end'
...alidates :model_number presence: true, length: { minimum: 6 }
...                       ^~~~~~~~
/Users/micah.perez/Ruby/server_manager/app/models/server.rb:3: Can't assign to true
...es :model_number presence: true, length: { minimum: 6 }
...                           ^~~~
/Users/micah.perez/Ruby/server_manager/app/models/server.rb:4: syntax error, unexpected local variable or method, expecting `end'
...validates :description presence: true, length: { minimum: 10...
...                       ^~~~~~~~
/Users/micah.perez/Ruby/server_manager/app/models/server.rb:4: Can't assign to true
...tes :description presence: true, length: { minimum: 10 }
...                           ^~~~
):
  
app/models/server.rb:3: syntax error, unexpected local variable or method, expecting `end'
app/models/server.rb:3: Can't assign to true
app/models/server.rb:4: syntax error, unexpected local variable or method, expecting `end'
app/models/server.rb:4: Can't assign to true
app/models/server.rb:3: syntax error, unexpected local variable or method, expecting `end'
app/models/server.rb:3: Can't assign to true
app/models/server.rb:4: syntax error, unexpected local variable or method, expecting `end'
app/models/server.rb:4: Can't assign to true
app/models/server.rb:3: syntax error, unexpected local variable or method, expecting `end'
app/models/server.rb:3: Can't assign to true
app/models/server.rb:4: syntax error, unexpected local variable or method, expecting `end'
app/models/server.rb:4: Can't assign to true
app/controllers/servers_controller.rb:3:in `index'
Started GET "/" for 127.0.0.1 at 2022-10-10 13:26:16 -0700
Processing by ServersController#index as HTML
  Rendering layout layouts/application.html.erb
  Rendering servers/index.html.erb within layouts/application
  [1m[36mServer Load (0.4ms)[0m  [1m[34mSELECT "servers".* FROM "servers"[0m
  ↳ app/views/servers/index.html.erb:4
  Rendered servers/index.html.erb within layouts/application (Duration: 83.9ms | Allocations: 20588)
  Rendered layout layouts/application.html.erb (Duration: 84.0ms | Allocations: 20656)
Completed 500 Internal Server Error in 123ms (ActiveRecord: 1.4ms | Allocations: 22244)


  
ActionView::Template::Error (undefined local variable or method `new_article_path' for #<ActionView::Base:0x000000000189e8>):
     8:   <% end %>
     9: </ul>
    10: 
    11: <%= link_to "New Article", new_article_path %>
  
app/views/servers/index.html.erb:11
Started GET "/" for 127.0.0.1 at 2022-10-10 13:31:04 -0700
Processing by ServersController#index as HTML
  Rendering layout layouts/application.html.erb
  Rendering servers/index.html.erb within layouts/application
  [1m[36mServer Load (0.1ms)[0m  [1m[34mSELECT "servers".* FROM "servers"[0m
  ↳ app/views/servers/index.html.erb:4
  Rendered servers/index.html.erb within layouts/application (Duration: 1.5ms | Allocations: 773)
  Rendered layout layouts/application.html.erb (Duration: 979.4ms | Allocations: 35557)
Completed 200 OK in 983ms (Views: 981.4ms | ActiveRecord: 0.1ms | Allocations: 36489)


Started GET "/" for ::1 at 2022-10-10 14:02:23 -0700
Processing by ServersController#index as HTML
  Rendering layout layouts/application.html.erb
  Rendering servers/index.html.erb within layouts/application
  [1m[36mServer Load (0.6ms)[0m  [1m[34mSELECT "servers".* FROM "servers"[0m
  ↳ app/views/servers/index.html.erb:4
  Rendered servers/index.html.erb within layouts/application (Duration: 80.7ms | Allocations: 736)
  Rendered layout layouts/application.html.erb (Duration: 117.6ms | Allocations: 3026)
Completed 200 OK in 120ms (Views: 118.1ms | ActiveRecord: 1.1ms | Allocations: 3287)


Started GET "/servers/1" for ::1 at 2022-10-10 14:02:26 -0700
Processing by ServersController#show as HTML
  Parameters: {"id"=>"1"}
  [1m[36mServer Load (0.1ms)[0m  [1m[34mSELECT "servers".* FROM "servers" WHERE "servers"."id" = ? LIMIT ?[0m  [["id", 1], ["LIMIT", 1]]
  ↳ app/controllers/servers_controller.rb:7:in `show'
  Rendering layout layouts/application.html.erb
  Rendering servers/show.html.erb within layouts/application
  Rendered servers/show.html.erb within layouts/application (Duration: 6.8ms | Allocations: 235)
  Rendered layout layouts/application.html.erb (Duration: 11.3ms | Allocations: 2613)
Completed 200 OK in 51ms (Views: 11.6ms | ActiveRecord: 0.1ms | Allocations: 7360)


Started GET "/servers/1/edit" for ::1 at 2022-10-10 14:02:28 -0700
Processing by ServersController#edit as HTML
  Parameters: {"id"=>"1"}
  [1m[36mServer Load (0.1ms)[0m  [1m[34mSELECT "servers".* FROM "servers" WHERE "servers"."id" = ? LIMIT ?[0m  [["id", 1], ["LIMIT", 1]]
  ↳ app/controllers/servers_controller.rb:25:in `edit'
  Rendering layout layouts/application.html.erb
  Rendering servers/edit.html.erb within layouts/application
  Rendered servers/_form.html.erb (Duration: 17.4ms | Allocations: 4664)
  Rendered servers/edit.html.erb within layouts/application (Duration: 23.9ms | Allocations: 4889)
  Rendered layout layouts/application.html.erb (Duration: 24.0ms | Allocations: 4956)
Completed 500 Internal Server Error in 27ms (ActiveRecord: 0.1ms | Allocations: 5663)


  
ActionView::Template::Error (undefined local variable or method `server' for #<ActionView::Base:0x00000000019410>
Did you mean?  @server):
    1: <%= form_with model: server do |form| %>
    2:     <div>
    3:         <%= form.label :title %><br>
    4:         <%= form.text_field :title %>
  
app/views/servers/_form.html.erb:1
app/views/servers/edit.html.erb:3
Started GET "/servers/1" for ::1 at 2022-10-10 14:02:31 -0700
Processing by ServersController#show as HTML
  Parameters: {"id"=>"1"}
  [1m[36mServer Load (0.1ms)[0m  [1m[34mSELECT "servers".* FROM "servers" WHERE "servers"."id" = ? LIMIT ?[0m  [["id", 1], ["LIMIT", 1]]
  ↳ app/controllers/servers_controller.rb:7:in `show'
  Rendering layout layouts/application.html.erb
  Rendering servers/show.html.erb within layouts/application
  Rendered servers/show.html.erb within layouts/application (Duration: 0.2ms | Allocations: 57)
  Rendered layout layouts/application.html.erb (Duration: 8.1ms | Allocations: 2455)
Completed 200 OK in 11ms (Views: 8.6ms | ActiveRecord: 0.1ms | Allocations: 3130)


Started GET "/" for ::1 at 2022-10-10 14:02:31 -0700
Processing by ServersController#index as HTML
  Rendering layout layouts/application.html.erb
  Rendering servers/index.html.erb within layouts/application
  [1m[36mServer Load (0.1ms)[0m  [1m[34mSELECT "servers".* FROM "servers"[0m
  ↳ app/views/servers/index.html.erb:4
  Rendered servers/index.html.erb within layouts/application (Duration: 1.4ms | Allocations: 580)
  Rendered layout layouts/application.html.erb (Duration: 8.4ms | Allocations: 2942)
Completed 200 OK in 11ms (Views: 9.1ms | ActiveRecord: 0.1ms | Allocations: 3198)


Started GET "/servers/1" for ::1 at 2022-10-10 14:18:24 -0700
Processing by ServersController#show as HTML
  Parameters: {"id"=>"1"}
  [1m[36mServer Load (0.1ms)[0m  [1m[34mSELECT "servers".* FROM "servers" WHERE "servers"."id" = ? LIMIT ?[0m  [["id", 1], ["LIMIT", 1]]
  ↳ app/controllers/servers_controller.rb:7:in `show'
  Rendering layout layouts/application.html.erb
  Rendering servers/show.html.erb within layouts/application
  Rendered servers/show.html.erb within layouts/application (Duration: 0.3ms | Allocations: 52)
  Rendered layout layouts/application.html.erb (Duration: 96.5ms | Allocations: 2417)
Completed 200 OK in 99ms (Views: 97.1ms | ActiveRecord: 0.1ms | Allocations: 3108)


Started GET "/servers/new" for ::1 at 2022-10-10 14:18:26 -0700
Processing by ServersController#show as HTML
  Parameters: {"id"=>"new"}
  [1m[36mServer Load (0.1ms)[0m  [1m[34mSELECT "servers".* FROM "servers" WHERE "servers"."id" = ? LIMIT ?[0m  [["id", nil], ["LIMIT", 1]]
  ↳ app/controllers/servers_controller.rb:7:in `show'
Completed 404 Not Found in 2ms (ActiveRecord: 0.1ms | Allocations: 869)


  
ActiveRecord::RecordNotFound (Couldn't find Server with 'id'=new):
  
app/controllers/servers_controller.rb:7:in `show'
Started GET "/" for ::1 at 2022-10-10 14:18:36 -0700
Processing by ServersController#index as HTML
  Rendering layout layouts/application.html.erb
  Rendering servers/index.html.erb within layouts/application
  [1m[36mServer Load (0.1ms)[0m  [1m[34mSELECT "servers".* FROM "servers"[0m
  ↳ app/views/servers/index.html.erb:4
  Rendered servers/index.html.erb within layouts/application (Duration: 1.5ms | Allocations: 576)
  Rendered layout layouts/application.html.erb (Duration: 28.9ms | Allocations: 2958)
Completed 200 OK in 44ms (Views: 29.4ms | ActiveRecord: 0.1ms | Allocations: 3212)


Started GET "/servers/1" for ::1 at 2022-10-10 14:18:39 -0700
Processing by ServersController#show as HTML
  Parameters: {"id"=>"1"}
  [1m[36mServer Load (0.2ms)[0m  [1m[34mSELECT "servers".* FROM "servers" WHERE "servers"."id" = ? LIMIT ?[0m  [["id", 1], ["LIMIT", 1]]
  ↳ app/controllers/servers_controller.rb:7:in `show'
  Rendering layout layouts/application.html.erb
  Rendering servers/show.html.erb within layouts/application
  Rendered servers/show.html.erb within layouts/application (Duration: 0.2ms | Allocations: 52)
  Rendered layout layouts/application.html.erb (Duration: 5.8ms | Allocations: 2418)
Completed 200 OK in 8ms (Views: 6.3ms | ActiveRecord: 0.2ms | Allocations: 3095)


Started GET "/servers/1/edit" for ::1 at 2022-10-10 14:18:40 -0700
Processing by ServersController#edit as HTML
  Parameters: {"id"=>"1"}
  [1m[36mServer Load (0.1ms)[0m  [1m[34mSELECT "servers".* FROM "servers" WHERE "servers"."id" = ? LIMIT ?[0m  [["id", 1], ["LIMIT", 1]]
  ↳ app/controllers/servers_controller.rb:25:in `edit'
  Rendering layout layouts/application.html.erb
  Rendering servers/edit.html.erb within layouts/application
  Rendered servers/_form.html.erb (Duration: 9.1ms | Allocations: 4328)
  Rendered servers/edit.html.erb within layouts/application (Duration: 9.2ms | Allocations: 4384)
  Rendered layout layouts/application.html.erb (Duration: 9.3ms | Allocations: 4451)
Completed 500 Internal Server Error in 12ms (ActiveRecord: 0.1ms | Allocations: 5102)


  
ActionView::Template::Error (undefined local variable or method `server' for #<ActionView::Base:0x00000000019b40>
Did you mean?  @server):
    1: <%= form_with model: server do |form| %>
    2:     <div>
    3:         <%= form.label :title %><br>
    4:         <%= form.text_field :title %>
  
app/views/servers/_form.html.erb:1
app/views/servers/edit.html.erb:3
Started GET "/servers/1/edit" for ::1 at 2022-10-10 14:23:15 -0700
Processing by ServersController#edit as HTML
  Parameters: {"id"=>"1"}
  [1m[36mServer Load (0.1ms)[0m  [1m[34mSELECT "servers".* FROM "servers" WHERE "servers"."id" = ? LIMIT ?[0m  [["id", 1], ["LIMIT", 1]]
  ↳ app/controllers/servers_controller.rb:25:in `edit'
  Rendering layout layouts/application.html.erb
  Rendering servers/edit.html.erb within layouts/application
  Rendered servers/_form.html.erb (Duration: 275.3ms | Allocations: 11400)
  Rendered servers/edit.html.erb within layouts/application (Duration: 276.6ms | Allocations: 11623)
  Rendered layout layouts/application.html.erb (Duration: 276.8ms | Allocations: 11690)
Completed 500 Internal Server Error in 283ms (ActiveRecord: 0.1ms | Allocations: 13002)


  
ActionView::Template::Error (undefined local variable or method `server' for #<ActionView::Base:0x00000000019eb0>
Did you mean?  @server):
    2:     <div>
    3:         <%= form.label :title %><br>
    4:         <%= form.text_field :title %>
    5:         <% server.errors.full_messages_for(:title).each do 
    6:             |message| %>
    7:             <div><%= message %></div>
    8:         <% end %>
  
app/views/servers/_form.html.erb:5
app/views/servers/_form.html.erb:1
app/views/servers/edit.html.erb:3
Started GET "/servers/1/edit" for ::1 at 2022-10-10 14:24:15 -0700
Processing by ServersController#edit as HTML
  Parameters: {"id"=>"1"}
  [1m[36mServer Load (0.1ms)[0m  [1m[34mSELECT "servers".* FROM "servers" WHERE "servers"."id" = ? LIMIT ?[0m  [["id", 1], ["LIMIT", 1]]
  ↳ app/controllers/servers_controller.rb:25:in `edit'
  Rendering layout layouts/application.html.erb
  Rendering servers/edit.html.erb within layouts/application
  Rendered servers/_form.html.erb (Duration: 45.2ms | Allocations: 4985)
  Rendered servers/edit.html.erb within layouts/application (Duration: 46.8ms | Allocations: 5206)
  Rendered layout layouts/application.html.erb (Duration: 97.4ms | Allocations: 7625)
Completed 200 OK in 116ms (Views: 100.8ms | ActiveRecord: 0.1ms | Allocations: 8961)


Started GET "/servers" for ::1 at 2022-10-10 14:24:20 -0700
Processing by ServersController#index as HTML
  Rendering layout layouts/application.html.erb
  Rendering servers/index.html.erb within layouts/application
  [1m[36mServer Load (0.1ms)[0m  [1m[34mSELECT "servers".* FROM "servers"[0m
  ↳ app/views/servers/index.html.erb:4
  Rendered servers/index.html.erb within layouts/application (Duration: 3.5ms | Allocations: 765)
  Rendered layout layouts/application.html.erb (Duration: 77.6ms | Allocations: 3135)
Completed 200 OK in 80ms (Views: 78.1ms | ActiveRecord: 0.1ms | Allocations: 3449)


Started GET "/servers/new" for ::1 at 2022-10-10 14:24:21 -0700
Processing by ServersController#show as HTML
  Parameters: {"id"=>"new"}
  [1m[36mServer Load (0.1ms)[0m  [1m[34mSELECT "servers".* FROM "servers" WHERE "servers"."id" = ? LIMIT ?[0m  [["id", nil], ["LIMIT", 1]]
  ↳ app/controllers/servers_controller.rb:7:in `show'
Completed 404 Not Found in 2ms (ActiveRecord: 0.1ms | Allocations: 869)


  
ActiveRecord::RecordNotFound (Couldn't find Server with 'id'=new):
  
app/controllers/servers_controller.rb:7:in `show'
Started GET "/servers" for ::1 at 2022-10-10 14:25:29 -0700
Processing by ServersController#index as HTML
  Rendering layout layouts/application.html.erb
  Rendering servers/index.html.erb within layouts/application
  [1m[36mServer Load (0.2ms)[0m  [1m[34mSELECT "servers".* FROM "servers"[0m
  ↳ app/views/servers/index.html.erb:4
  Rendered servers/index.html.erb within layouts/application (Duration: 2.5ms | Allocations: 763)
  Rendered layout layouts/application.html.erb (Duration: 12.2ms | Allocations: 3367)
Completed 200 OK in 18ms (Views: 15.4ms | ActiveRecord: 0.2ms | Allocations: 4283)


Started GET "/servers/new" for ::1 at 2022-10-10 14:25:30 -0700
Processing by ServersController#show as HTML
  Parameters: {"id"=>"new"}
  [1m[36mServer Load (0.1ms)[0m  [1m[34mSELECT "servers".* FROM "servers" WHERE "servers"."id" = ? LIMIT ?[0m  [["id", nil], ["LIMIT", 1]]
  ↳ app/controllers/servers_controller.rb:7:in `show'
Completed 404 Not Found in 2ms (ActiveRecord: 0.1ms | Allocations: 869)


  
ActiveRecord::RecordNotFound (Couldn't find Server with 'id'=new):
  
app/controllers/servers_controller.rb:7:in `show'
Started GET "/servers" for ::1 at 2022-10-10 14:26:33 -0700
Processing by ServersController#index as HTML
  Rendering layout layouts/application.html.erb
  Rendering servers/index.html.erb within layouts/application
  [1m[36mServer Load (0.1ms)[0m  [1m[34mSELECT "servers".* FROM "servers"[0m
  ↳ app/views/servers/index.html.erb:4
  Rendered servers/index.html.erb within layouts/application (Duration: 1.4ms | Allocations: 583)
  Rendered layout layouts/application.html.erb (Duration: 8.4ms | Allocations: 2961)
Completed 200 OK in 11ms (Views: 8.8ms | ActiveRecord: 0.1ms | Allocations: 3216)


Started GET "/servers/new" for ::1 at 2022-10-10 14:26:35 -0700
Processing by ServersController#show as HTML
  Parameters: {"id"=>"new"}
  [1m[36mServer Load (0.1ms)[0m  [1m[34mSELECT "servers".* FROM "servers" WHERE "servers"."id" = ? LIMIT ?[0m  [["id", nil], ["LIMIT", 1]]
  ↳ app/controllers/servers_controller.rb:7:in `show'
Completed 404 Not Found in 3ms (ActiveRecord: 0.1ms | Allocations: 869)


  
ActiveRecord::RecordNotFound (Couldn't find Server with 'id'=new):
  
app/controllers/servers_controller.rb:7:in `show'
Started GET "/servers" for ::1 at 2022-10-10 14:26:35 -0700
Processing by ServersController#index as HTML
  Rendering layout layouts/application.html.erb
  Rendering servers/index.html.erb within layouts/application
  [1m[36mServer Load (0.1ms)[0m  [1m[34mSELECT "servers".* FROM "servers"[0m
  ↳ app/views/servers/index.html.erb:4
  Rendered servers/index.html.erb within layouts/application (Duration: 2.0ms | Allocations: 576)
  Rendered layout layouts/application.html.erb (Duration: 11.8ms | Allocations: 2960)
Completed 200 OK in 14ms (Views: 12.2ms | ActiveRecord: 0.1ms | Allocations: 3215)


Started GET "/servers/new" for ::1 at 2022-10-10 14:27:25 -0700
Processing by ServersController#show as HTML
  Parameters: {"id"=>"new"}
  [1m[36mServer Load (0.1ms)[0m  [1m[34mSELECT "servers".* FROM "servers" WHERE "servers"."id" = ? LIMIT ?[0m  [["id", nil], ["LIMIT", 1]]
  ↳ app/controllers/servers_controller.rb:7:in `show'
Completed 404 Not Found in 2ms (ActiveRecord: 0.1ms | Allocations: 869)


  
ActiveRecord::RecordNotFound (Couldn't find Server with 'id'=new):
  
app/controllers/servers_controller.rb:7:in `show'
Started GET "/servers/new" for ::1 at 2022-10-10 15:06:53 -0700
Processing by ServersController#show as HTML
  Parameters: {"id"=>"new"}
  [1m[36mServer Load (0.1ms)[0m  [1m[34mSELECT "servers".* FROM "servers" WHERE "servers"."id" = ? LIMIT ?[0m  [["id", nil], ["LIMIT", 1]]
  ↳ app/controllers/servers_controller.rb:7:in `show'
Completed 404 Not Found in 7ms (ActiveRecord: 0.4ms | Allocations: 1013)


  
ActiveRecord::RecordNotFound (Couldn't find Server with 'id'=new):
  
app/controllers/servers_controller.rb:7:in `show'
Started GET "/servers" for ::1 at 2022-10-10 15:06:57 -0700
Processing by ServersController#index as HTML
  Rendering layout layouts/application.html.erb
  Rendering servers/index.html.erb within layouts/application
  [1m[36mServer Load (0.3ms)[0m  [1m[34mSELECT "servers".* FROM "servers"[0m
  ↳ app/views/servers/index.html.erb:4
  Rendered servers/index.html.erb within layouts/application (Duration: 8.8ms | Allocations: 795)
  Rendered layout layouts/application.html.erb (Duration: 39.6ms | Allocations: 3397)
Completed 200 OK in 54ms (Views: 47.8ms | ActiveRecord: 0.3ms | Allocations: 4268)


Started GET "/servers/new" for ::1 at 2022-10-10 15:06:59 -0700
Processing by ServersController#show as HTML
  Parameters: {"id"=>"new"}
  [1m[36mServer Load (0.1ms)[0m  [1m[34mSELECT "servers".* FROM "servers" WHERE "servers"."id" = ? LIMIT ?[0m  [["id", nil], ["LIMIT", 1]]
  ↳ app/controllers/servers_controller.rb:7:in `show'
Completed 404 Not Found in 2ms (ActiveRecord: 0.1ms | Allocations: 869)


  
ActiveRecord::RecordNotFound (Couldn't find Server with 'id'=new):
  
app/controllers/servers_controller.rb:7:in `show'
Started POST "/__web_console/repl_sessions/485d198f5ea1b531246333873908def9/trace" for ::1 at 2022-10-10 15:09:31 -0700
Started POST "/__web_console/repl_sessions/485d198f5ea1b531246333873908def9/trace" for ::1 at 2022-10-10 15:09:33 -0700
Started POST "/__web_console/repl_sessions/485d198f5ea1b531246333873908def9/trace" for ::1 at 2022-10-10 15:14:46 -0700
Started POST "/__web_console/repl_sessions/485d198f5ea1b531246333873908def9/trace" for ::1 at 2022-10-10 15:14:48 -0700
Started POST "/__web_console/repl_sessions/485d198f5ea1b531246333873908def9/trace" for ::1 at 2022-10-10 15:14:50 -0700
Started POST "/__web_console/repl_sessions/485d198f5ea1b531246333873908def9/trace" for ::1 at 2022-10-10 15:14:53 -0700
Started POST "/__web_console/repl_sessions/485d198f5ea1b531246333873908def9/trace" for ::1 at 2022-10-10 15:14:54 -0700
Started POST "/__web_console/repl_sessions/485d198f5ea1b531246333873908def9/trace" for ::1 at 2022-10-10 15:14:55 -0700
Started POST "/__web_console/repl_sessions/485d198f5ea1b531246333873908def9/trace" for ::1 at 2022-10-10 15:14:55 -0700
Started POST "/__web_console/repl_sessions/485d198f5ea1b531246333873908def9/trace" for ::1 at 2022-10-10 15:14:56 -0700
Started POST "/__web_console/repl_sessions/485d198f5ea1b531246333873908def9/trace" for ::1 at 2022-10-10 15:15:00 -0700
Started POST "/__web_console/repl_sessions/485d198f5ea1b531246333873908def9/trace" for ::1 at 2022-10-10 15:15:01 -0700
Started POST "/__web_console/repl_sessions/485d198f5ea1b531246333873908def9/trace" for ::1 at 2022-10-10 15:15:02 -0700
Started POST "/__web_console/repl_sessions/485d198f5ea1b531246333873908def9/trace" for ::1 at 2022-10-10 15:15:07 -0700
Started POST "/__web_console/repl_sessions/485d198f5ea1b531246333873908def9/trace" for ::1 at 2022-10-10 15:15:09 -0700
Started POST "/__web_console/repl_sessions/485d198f5ea1b531246333873908def9/trace" for ::1 at 2022-10-10 15:15:10 -0700
Started POST "/__web_console/repl_sessions/485d198f5ea1b531246333873908def9/trace" for ::1 at 2022-10-10 15:15:12 -0700
Started GET "/" for ::1 at 2022-10-10 15:15:48 -0700
Processing by ServersController#index as HTML
  Rendering layout layouts/application.html.erb
  Rendering servers/index.html.erb within layouts/application
  [1m[36mServer Load (0.3ms)[0m  [1m[34mSELECT "servers".* FROM "servers"[0m
  ↳ app/views/servers/index.html.erb:4
  Rendered servers/index.html.erb within layouts/application (Duration: 4.1ms | Allocations: 728)
  Rendered layout layouts/application.html.erb (Duration: 17.7ms | Allocations: 3098)
Completed 200 OK in 22ms (Views: 21.0ms | ActiveRecord: 0.6ms | Allocations: 3354)


Started GET "/servers/new" for ::1 at 2022-10-10 15:15:49 -0700
Processing by ServersController#show as HTML
  Parameters: {"id"=>"new"}
  [1m[36mServer Load (0.2ms)[0m  [1m[34mSELECT "servers".* FROM "servers" WHERE "servers"."id" = ? LIMIT ?[0m  [["id", nil], ["LIMIT", 1]]
  ↳ app/controllers/servers_controller.rb:7:in `show'
Completed 404 Not Found in 2ms (ActiveRecord: 0.2ms | Allocations: 898)


  
ActiveRecord::RecordNotFound (Couldn't find Server with 'id'=new):
  
app/controllers/servers_controller.rb:7:in `show'
Started GET "/servers/new" for ::1 at 2022-10-10 15:17:33 -0700
Processing by ServersController#new as HTML
  Rendering layout layouts/application.html.erb
  Rendering servers/new.html.erb within layouts/application
  Rendered servers/_form.html.erb (Duration: 8.4ms | Allocations: 1475)
  Rendered servers/new.html.erb within layouts/application (Duration: 12.6ms | Allocations: 1703)
  Rendered layout layouts/application.html.erb (Duration: 71.7ms | Allocations: 15425)
Completed 200 OK in 98ms (Views: 73.2ms | ActiveRecord: 0.7ms | Allocations: 18527)


Started GET "/" for ::1 at 2022-10-10 15:17:38 -0700
Processing by ServersController#index as HTML
  Rendering layout layouts/application.html.erb
  Rendering servers/index.html.erb within layouts/application
  [1m[36mServer Load (0.2ms)[0m  [1m[34mSELECT "servers".* FROM "servers"[0m
  ↳ app/views/servers/index.html.erb:4
  Rendered servers/index.html.erb within layouts/application (Duration: 1.6ms | Allocations: 620)
  Rendered layout layouts/application.html.erb (Duration: 13.7ms | Allocations: 2992)
Completed 200 OK in 15ms (Views: 14.2ms | ActiveRecord: 0.2ms | Allocations: 3269)


Started GET "/servers/new" for ::1 at 2022-10-10 15:21:02 -0700
Processing by ServersController#new as HTML
  Rendering layout layouts/application.html.erb
  Rendering servers/new.html.erb within layouts/application
  Rendered servers/_form.html.erb (Duration: 1.7ms | Allocations: 1018)
  Rendered servers/new.html.erb within layouts/application (Duration: 1.9ms | Allocations: 1072)
  Rendered layout layouts/application.html.erb (Duration: 15.0ms | Allocations: 3267)
Completed 200 OK in 17ms (Views: 15.6ms | ActiveRecord: 0.0ms | Allocations: 3525)


Started GET "/servers/1" for ::1 at 2022-10-10 15:21:06 -0700
Processing by ServersController#show as HTML
  Parameters: {"id"=>"1"}
  [1m[36mServer Load (0.2ms)[0m  [1m[34mSELECT "servers".* FROM "servers" WHERE "servers"."id" = ? LIMIT ?[0m  [["id", 1], ["LIMIT", 1]]
  ↳ app/controllers/servers_controller.rb:7:in `show'
  Rendering layout layouts/application.html.erb
  Rendering servers/show.html.erb within layouts/application
  Rendered servers/show.html.erb within layouts/application (Duration: 6.3ms | Allocations: 225)
  Rendered layout layouts/application.html.erb (Duration: 11.2ms | Allocations: 2601)
Completed 200 OK in 16ms (Views: 11.8ms | ActiveRecord: 0.2ms | Allocations: 3897)


Started GET "/servers/1/edit" for ::1 at 2022-10-10 15:21:07 -0700
Processing by ServersController#edit as HTML
  Parameters: {"id"=>"1"}
  [1m[36mServer Load (0.1ms)[0m  [1m[34mSELECT "servers".* FROM "servers" WHERE "servers"."id" = ? LIMIT ?[0m  [["id", 1], ["LIMIT", 1]]
  ↳ app/controllers/servers_controller.rb:25:in `edit'
  Rendering layout layouts/application.html.erb
  Rendering servers/edit.html.erb within layouts/application
  Rendered servers/_form.html.erb (Duration: 2.4ms | Allocations: 1420)
  Rendered servers/edit.html.erb within layouts/application (Duration: 9.5ms | Allocations: 1597)
  Rendered layout layouts/application.html.erb (Duration: 13.6ms | Allocations: 3792)
Completed 200 OK in 17ms (Views: 14.1ms | ActiveRecord: 0.1ms | Allocations: 4525)


Started PATCH "/servers/1" for ::1 at 2022-10-10 15:21:14 -0700
Processing by ServersController#update as TURBO_STREAM
  Parameters: {"authenticity_token"=>"[FILTERED]", "server"=>{"title"=>"Test Server", "body"=>"Hello World"}, "commit"=>"Update Server", "id"=>"1"}
  [1m[36mServer Load (0.1ms)[0m  [1m[34mSELECT "servers".* FROM "servers" WHERE "servers"."id" = ? LIMIT ?[0m  [["id", 1], ["LIMIT", 1]]
  ↳ app/controllers/servers_controller.rb:29:in `update'
[31mUnpermitted parameter: :body. Context: { controller: ServersController, action: update, request: #<ActionDispatch::Request:0x000000014c12c238>, params: {"_method"=>"patch", "authenticity_token"=>"[FILTERED]", "server"=>{"title"=>"Test Server", "body"=>"Hello World"}, "commit"=>"Update Server", "controller"=>"servers", "action"=>"update", "id"=>"1"} }[0m
Redirected to http://localhost:3000/servers/1
Completed 302 Found in 4ms (ActiveRecord: 0.1ms | Allocations: 1332)


Started GET "/servers/1" for ::1 at 2022-10-10 15:21:14 -0700
Processing by ServersController#show as TURBO_STREAM
  Parameters: {"id"=>"1"}
  [1m[36mServer Load (0.1ms)[0m  [1m[34mSELECT "servers".* FROM "servers" WHERE "servers"."id" = ? LIMIT ?[0m  [["id", 1], ["LIMIT", 1]]
  ↳ app/controllers/servers_controller.rb:7:in `show'
  Rendering layout layouts/application.html.erb
  Rendering servers/show.html.erb within layouts/application
  Rendered servers/show.html.erb within layouts/application (Duration: 0.1ms | Allocations: 54)
  Rendered layout layouts/application.html.erb (Duration: 3.2ms | Allocations: 2422)
Completed 200 OK in 5ms (Views: 3.4ms | ActiveRecord: 0.1ms | Allocations: 3152)


Started GET "/servers/" for ::1 at 2022-10-10 15:21:20 -0700
Processing by ServersController#index as HTML
  Rendering layout layouts/application.html.erb
  Rendering servers/index.html.erb within layouts/application
  [1m[36mServer Load (0.1ms)[0m  [1m[34mSELECT "servers".* FROM "servers"[0m
  ↳ app/views/servers/index.html.erb:4
  Rendered servers/index.html.erb within layouts/application (Duration: 1.4ms | Allocations: 579)
  Rendered layout layouts/application.html.erb (Duration: 8.6ms | Allocations: 2951)
Completed 200 OK in 10ms (Views: 9.0ms | ActiveRecord: 0.1ms | Allocations: 3205)


Started GET "/" for ::1 at 2022-10-12 16:17:42 -0700
Processing by ServersController#index as HTML
  Rendering layout layouts/application.html.erb
  Rendering servers/index.html.erb within layouts/application
  [1m[36mServer Load (0.0ms)[0m  [1m[34mSELECT "servers".* FROM "servers"[0m
  ↳ app/views/servers/index.html.erb:4
  Rendered servers/index.html.erb within layouts/application (Duration: 17.4ms | Allocations: 722)
  Rendered layout layouts/application.html.erb (Duration: 79.5ms | Allocations: 3115)
Completed 200 OK in 84ms (Views: 80.3ms | ActiveRecord: 2.1ms | Allocations: 3370)


Started GET "/servers/1" for ::1 at 2022-10-12 16:18:13 -0700
Processing by ServersController#show as HTML
  Parameters: {"id"=>"1"}
  [1m[36mServer Load (0.3ms)[0m  [1m[34mSELECT "servers".* FROM "servers" WHERE "servers"."id" = ? LIMIT ?[0m  [["id", 1], ["LIMIT", 1]]
  ↳ app/controllers/servers_controller.rb:7:in `show'
  Rendering layout layouts/application.html.erb
  Rendering servers/show.html.erb within layouts/application
  Rendered servers/show.html.erb within layouts/application (Duration: 0.3ms | Allocations: 52)
  Rendered layout layouts/application.html.erb (Duration: 26.1ms | Allocations: 2414)
Completed 200 OK in 31ms (Views: 26.7ms | ActiveRecord: 0.3ms | Allocations: 3120)


Started GET "/" for ::1 at 2022-10-12 17:52:37 -0700
Started GET "/" for ::1 at 2022-10-12 17:52:38 -0700
  [1m[36mActiveRecord::SchemaMigration Pluck (0.2ms)[0m  [1m[34mSELECT "schema_migrations"."version" FROM "schema_migrations" ORDER BY "schema_migrations"."version" ASC[0m
Processing by ServersController#index as HTML
Processing by ServersController#index as HTML
  Rendering layout layouts/application.html.erb
  Rendering servers/index.html.erb within layouts/application
  Rendering layout layouts/application.html.erb
  Rendering servers/index.html.erb within layouts/application
  [1m[36mServer Load (0.5ms)[0m  [1m[34mSELECT "servers".* FROM "servers"[0m
  [1m[36mServer Load (0.1ms)[0m  [1m[34mSELECT "servers".* FROM "servers"[0m
  ↳ app/views/servers/index.html.erb:4
  ↳ app/views/servers/index.html.erb:4
  Rendered servers/index.html.erb within layouts/application (Duration: 95.4ms | Allocations: 17293)
  Rendered servers/index.html.erb within layouts/application (Duration: 106.3ms | Allocations: 17432)
  Rendered layout layouts/application.html.erb (Duration: 1128.2ms | Allocations: 84133)
Completed 200 OK in 1362ms (Views: 1162.0ms | ActiveRecord: 8.0ms | Allocations: 90251)


  Rendered layout layouts/application.html.erb (Duration: 1144.3ms | Allocations: 84867)
Completed 200 OK in 1343ms (Views: 1185.8ms | ActiveRecord: 0.3ms | Allocations: 91008)


Started GET "/servers/1" for ::1 at 2022-10-12 17:52:41 -0700
Processing by ServersController#show as HTML
  Parameters: {"id"=>"1"}
  [1m[36mServer Load (0.2ms)[0m  [1m[34mSELECT "servers".* FROM "servers" WHERE "servers"."id" = ? LIMIT ?[0m  [["id", 1], ["LIMIT", 1]]
  ↳ app/controllers/servers_controller.rb:7:in `show'
  Rendering layout layouts/application.html.erb
  Rendering servers/show.html.erb within layouts/application
  Rendered servers/show.html.erb within layouts/application (Duration: 54.9ms | Allocations: 4755)
  Rendered layout layouts/application.html.erb (Duration: 55.1ms | Allocations: 4823)
Completed 500 Internal Server Error in 149ms (ActiveRecord: 0.2ms | Allocations: 7262)


  
ActionView::Template::Error (undefined method `article_path' for #<ActionView::Base:0x0000000000c0d0>):
     7: 
     8: <ul>
     9:   <li><%= link_to "Edit", edit_server_path(@server) %></li>
    10:   <li><%= link_to "Destory", article_path(@article), data: {
    11:                             turbo_method: :delete, 
    12:                             turbo_confirm: "Are you sure?"
    13:                         } %></li>
  
app/views/servers/show.html.erb:10
Started GET "/servers/1" for ::1 at 2022-10-12 17:53:36 -0700
Processing by ServersController#show as HTML
  Parameters: {"id"=>"1"}
  [1m[36mServer Load (0.3ms)[0m  [1m[34mSELECT "servers".* FROM "servers" WHERE "servers"."id" = ? LIMIT ?[0m  [["id", 1], ["LIMIT", 1]]
  ↳ app/controllers/servers_controller.rb:7:in `show'
  Rendering layout layouts/application.html.erb
  Rendering servers/show.html.erb within layouts/application
  Rendered servers/show.html.erb within layouts/application (Duration: 1.2ms | Allocations: 310)
  Rendered layout layouts/application.html.erb (Duration: 28.9ms | Allocations: 14401)
Completed 200 OK in 41ms (Views: 30.9ms | ActiveRecord: 0.8ms | Allocations: 18695)


Started DELETE "/servers/1" for ::1 at 2022-10-12 17:53:43 -0700
Processing by ServersController#destroy as TURBO_STREAM
  Parameters: {"id"=>"1"}
  [1m[36mServer Load (0.7ms)[0m  [1m[34mSELECT "servers".* FROM "servers" WHERE "servers"."id" = ? LIMIT ?[0m  [["id", 1], ["LIMIT", 1]]
  ↳ app/controllers/servers_controller.rb:39:in `destroy'
  [1m[36mTRANSACTION (0.1ms)[0m  [1m[36mbegin transaction[0m
  ↳ app/controllers/servers_controller.rb:40:in `destroy'
  [1m[36mServer Destroy (1.2ms)[0m  [1m[31mDELETE FROM "servers" WHERE "servers"."id" = ?[0m  [["id", 1]]
  ↳ app/controllers/servers_controller.rb:40:in `destroy'
  [1m[36mTRANSACTION (8.9ms)[0m  [1m[36mcommit transaction[0m
  ↳ app/controllers/servers_controller.rb:40:in `destroy'
Redirected to http://localhost:3000/
Completed 303 See Other in 17ms (ActiveRecord: 10.9ms | Allocations: 2187)


Started GET "/" for ::1 at 2022-10-12 17:53:43 -0700
Processing by ServersController#index as TURBO_STREAM
  Rendering layout layouts/application.html.erb
  Rendering servers/index.html.erb within layouts/application
  [1m[36mServer Load (0.1ms)[0m  [1m[34mSELECT "servers".* FROM "servers"[0m
  ↳ app/views/servers/index.html.erb:4
  Rendered servers/index.html.erb within layouts/application (Duration: 2.8ms | Allocations: 741)
  Rendered layout layouts/application.html.erb (Duration: 5.4ms | Allocations: 3125)
Completed 200 OK in 6ms (Views: 5.6ms | ActiveRecord: 0.1ms | Allocations: 3487)


Started GET "/servers/new" for ::1 at 2022-10-12 17:53:44 -0700
Processing by ServersController#new as HTML
  Rendering layout layouts/application.html.erb
  Rendering servers/new.html.erb within layouts/application
  Rendered servers/_form.html.erb (Duration: 145.8ms | Allocations: 3506)
  Rendered servers/new.html.erb within layouts/application (Duration: 151.7ms | Allocations: 3737)
  Rendered layout layouts/application.html.erb (Duration: 157.0ms | Allocations: 5940)
Completed 200 OK in 159ms (Views: 157.4ms | ActiveRecord: 0.0ms | Allocations: 6262)


Started POST "/servers" for ::1 at 2022-10-12 17:54:00 -0700
Processing by ServersController#create as TURBO_STREAM
  Parameters: {"authenticity_token"=>"[FILTERED]", "server"=>{"title"=>"Test Server", "body"=>"My Test Server"}, "commit"=>"Create Server"}
[31mUnpermitted parameter: :body. Context: { controller: ServersController, action: create, request: #<ActionDispatch::Request:0x0000000113375ca8>, params: {"authenticity_token"=>"[FILTERED]", "server"=>{"title"=>"Test Server", "body"=>"My Test Server"}, "commit"=>"Create Server", "controller"=>"servers", "action"=>"create"} }[0m
  Rendering layout layouts/application.html.erb
  Rendering servers/new.html.erb within layouts/application
  Rendered servers/_form.html.erb (Duration: 1.5ms | Allocations: 892)
  Rendered servers/new.html.erb within layouts/application (Duration: 1.7ms | Allocations: 996)
  Rendered layout layouts/application.html.erb (Duration: 9.2ms | Allocations: 3185)
Completed 422 Unprocessable Entity in 13ms (Views: 9.9ms | ActiveRecord: 0.0ms | Allocations: 4468)


Started GET "/" for ::1 at 2022-10-12 17:54:07 -0700
Processing by ServersController#index as HTML
  Rendering layout layouts/application.html.erb
  Rendering servers/index.html.erb within layouts/application
  [1m[36mServer Load (0.2ms)[0m  [1m[34mSELECT "servers".* FROM "servers"[0m
  ↳ app/views/servers/index.html.erb:4
  Rendered servers/index.html.erb within layouts/application (Duration: 1.3ms | Allocations: 527)
  Rendered layout layouts/application.html.erb (Duration: 13.2ms | Allocations: 2901)
Completed 200 OK in 15ms (Views: 13.7ms | ActiveRecord: 0.2ms | Allocations: 3155)


Started GET "/" for ::1 at 2022-10-12 17:54:09 -0700
Processing by ServersController#index as HTML
  Rendering layout layouts/application.html.erb
  Rendering servers/index.html.erb within layouts/application
  [1m[36mServer Load (0.1ms)[0m  [1m[34mSELECT "servers".* FROM "servers"[0m
  ↳ app/views/servers/index.html.erb:4
  Rendered servers/index.html.erb within layouts/application (Duration: 1.3ms | Allocations: 523)
  Rendered layout layouts/application.html.erb (Duration: 21.0ms | Allocations: 2893)
Completed 200 OK in 23ms (Views: 21.6ms | ActiveRecord: 0.1ms | Allocations: 3147)


Started GET "/servers/new" for ::1 at 2022-10-12 17:54:10 -0700
Processing by ServersController#new as HTML
  Rendering layout layouts/application.html.erb
  Rendering servers/new.html.erb within layouts/application
  Rendered servers/_form.html.erb (Duration: 1.7ms | Allocations: 1010)
  Rendered servers/new.html.erb within layouts/application (Duration: 1.9ms | Allocations: 1064)
  Rendered layout layouts/application.html.erb (Duration: 7.1ms | Allocations: 3259)
Completed 200 OK in 9ms (Views: 7.5ms | ActiveRecord: 0.0ms | Allocations: 3517)


Started POST "/servers" for ::1 at 2022-10-12 17:54:24 -0700
Processing by ServersController#create as TURBO_STREAM
  Parameters: {"authenticity_token"=>"[FILTERED]", "server"=>{"title"=>"Marcello", "body"=>"123"}, "commit"=>"Create Server"}
[31mUnpermitted parameter: :body. Context: { controller: ServersController, action: create, request: #<ActionDispatch::Request:0x0000000113177a28>, params: {"authenticity_token"=>"[FILTERED]", "server"=>{"title"=>"Marcello", "body"=>"123"}, "commit"=>"Create Server", "controller"=>"servers", "action"=>"create"} }[0m
  Rendering layout layouts/application.html.erb
  Rendering servers/new.html.erb within layouts/application
  Rendered servers/_form.html.erb (Duration: 1.6ms | Allocations: 889)
  Rendered servers/new.html.erb within layouts/application (Duration: 1.8ms | Allocations: 946)
  Rendered layout layouts/application.html.erb (Duration: 7.2ms | Allocations: 3133)
Completed 422 Unprocessable Entity in 10ms (Views: 8.0ms | ActiveRecord: 0.0ms | Allocations: 4297)


Started GET "/" for ::1 at 2022-10-12 17:57:47 -0700
  [1m[36mActiveRecord::SchemaMigration Pluck (0.1ms)[0m  [1m[34mSELECT "schema_migrations"."version" FROM "schema_migrations" ORDER BY "schema_migrations"."version" ASC[0m
Processing by ServersController#index as HTML
  Rendering layout layouts/application.html.erb
  Rendering servers/index.html.erb within layouts/application
  [1m[36mServer Load (0.1ms)[0m  [1m[34mSELECT "servers".* FROM "servers"[0m
  ↳ app/views/servers/index.html.erb:4
  Rendered servers/index.html.erb within layouts/application (Duration: 3.4ms | Allocations: 981)
  Rendered layout layouts/application.html.erb (Duration: 66.4ms | Allocations: 35902)
Completed 200 OK in 98ms (Views: 73.7ms | ActiveRecord: 0.1ms | Allocations: 41411)


Started GET "/servers/new" for ::1 at 2022-10-12 17:57:49 -0700
Processing by ServersController#new as HTML
  Rendering layout layouts/application.html.erb
  Rendering servers/new.html.erb within layouts/application
  Rendered servers/_form.html.erb (Duration: 24.9ms | Allocations: 3751)
  Rendered servers/new.html.erb within layouts/application (Duration: 28.4ms | Allocations: 3987)
  Rendered layout layouts/application.html.erb (Duration: 36.2ms | Allocations: 6209)
Completed 200 OK in 63ms (Views: 36.6ms | ActiveRecord: 0.7ms | Allocations: 22119)


Started POST "/servers" for ::1 at 2022-10-12 17:58:01 -0700
Processing by ServersController#create as TURBO_STREAM
  Parameters: {"authenticity_token"=>"[FILTERED]", "server"=>{"title"=>"Test123", "model_number"=>"123456", "description"=>"Testing"}, "commit"=>"Create Server"}
  Rendering layout layouts/application.html.erb
  Rendering servers/new.html.erb within layouts/application
  Rendered servers/_form.html.erb (Duration: 3.8ms | Allocations: 2195)
  Rendered servers/new.html.erb within layouts/application (Duration: 4.1ms | Allocations: 2299)
  Rendered layout layouts/application.html.erb (Duration: 11.8ms | Allocations: 4489)
Completed 422 Unprocessable Entity in 29ms (Views: 12.6ms | ActiveRecord: 0.0ms | Allocations: 5755)


Started POST "/servers" for ::1 at 2022-10-12 17:58:07 -0700
Processing by ServersController#create as TURBO_STREAM
  Parameters: {"authenticity_token"=>"[FILTERED]", "server"=>{"title"=>"Test123", "model_number"=>"123456", "description"=>"Testing Server"}, "commit"=>"Create Server"}
  [1m[36mTRANSACTION (0.1ms)[0m  [1m[36mbegin transaction[0m
  ↳ app/controllers/servers_controller.rb:17:in `create'
  [1m[36mServer Create (1.4ms)[0m  [1m[32mINSERT INTO "servers" ("title", "model_number", "description", "created_at", "updated_at") VALUES (?, ?, ?, ?, ?)[0m  [["title", "Test123"], ["model_number", "123456"], ["description", "Testing Server"], ["created_at", "2022-10-13 00:58:07.505078"], ["updated_at", "2022-10-13 00:58:07.505078"]]
  ↳ app/controllers/servers_controller.rb:17:in `create'
  [1m[36mTRANSACTION (1.8ms)[0m  [1m[36mcommit transaction[0m
  ↳ app/controllers/servers_controller.rb:17:in `create'
Redirected to http://localhost:3000/servers/2
Completed 302 Found in 8ms (ActiveRecord: 3.3ms | Allocations: 2740)


Started GET "/servers/2" for ::1 at 2022-10-12 17:58:07 -0700
Processing by ServersController#show as TURBO_STREAM
  Parameters: {"id"=>"2"}
  [1m[36mServer Load (0.1ms)[0m  [1m[34mSELECT "servers".* FROM "servers" WHERE "servers"."id" = ? LIMIT ?[0m  [["id", 2], ["LIMIT", 1]]
  ↳ app/controllers/servers_controller.rb:7:in `show'
  Rendering layout layouts/application.html.erb
  Rendering servers/show.html.erb within layouts/application
  Rendered servers/show.html.erb within layouts/application (Duration: 1.4ms | Allocations: 317)
  Rendered layout layouts/application.html.erb (Duration: 6.0ms | Allocations: 2708)
Completed 200 OK in 11ms (Views: 6.2ms | ActiveRecord: 0.1ms | Allocations: 5132)


Started GET "/servers/new" for ::1 at 2022-10-12 17:58:31 -0700
Processing by ServersController#new as HTML
  Rendering layout layouts/application.html.erb
  Rendering servers/new.html.erb within layouts/application
  Rendered servers/_form.html.erb (Duration: 2.3ms | Allocations: 1230)
  Rendered servers/new.html.erb within layouts/application (Duration: 2.6ms | Allocations: 1284)
  Rendered layout layouts/application.html.erb (Duration: 9.7ms | Allocations: 3482)
Completed 200 OK in 11ms (Views: 10.2ms | ActiveRecord: 0.0ms | Allocations: 3749)


Started GET "/" for ::1 at 2022-10-12 17:58:39 -0700
Processing by ServersController#index as HTML
  Rendering layout layouts/application.html.erb
  Rendering servers/index.html.erb within layouts/application
  [1m[36mServer Load (0.1ms)[0m  [1m[34mSELECT "servers".* FROM "servers"[0m
  ↳ app/views/servers/index.html.erb:4
  Rendered servers/index.html.erb within layouts/application (Duration: 1.9ms | Allocations: 579)
  Rendered layout layouts/application.html.erb (Duration: 27.7ms | Allocations: 2939)
Completed 200 OK in 31ms (Views: 29.4ms | ActiveRecord: 0.1ms | Allocations: 3194)


